2023-10-01 17:29:21 [background-preinit] [,] INFO   o.h.validator.internal.util.Version - HV000001: Hibernate Validator 8.0.1.Final
2023-10-01 17:29:21 [main] [,] INFO   c.m.demo.config.server.ConfigServer - Starting ConfigServer v0.0.1-SNAPSHOT using Java 17.0.7 with PID 1 (/workspace/BOOT-INF/classes started by cnb in /workspace)
2023-10-01 17:29:21 [main] [,] INFO   c.m.demo.config.server.ConfigServer - No active profile set, falling back to 1 default profile: "default"
2023-10-01 17:29:23 [main] [,] INFO   o.s.cloud.context.scope.GenericScope - BeanFactory id=ab9da9ef-c3b5-3a1a-b411-8d6b5eb3686a
2023-10-01 17:29:25 [main] [,] INFO   o.s.b.w.e.tomcat.TomcatWebServer - Tomcat initialized with port(s): 8888 (http)
2023-10-01 17:29:25 [main] [,] INFO   o.a.coyote.http11.Http11NioProtocol - Initializing ProtocolHandler ["http-nio-8888"]
2023-10-01 17:29:25 [main] [,] INFO   o.a.catalina.core.StandardService - Starting service [Tomcat]
2023-10-01 17:29:25 [main] [,] INFO   o.a.catalina.core.StandardEngine - Starting Servlet engine: [Apache Tomcat/10.1.13]
2023-10-01 17:29:25 [main] [,] INFO   o.a.c.c.C.[Tomcat].[localhost].[/] - Initializing Spring embedded WebApplicationContext
2023-10-01 17:29:25 [main] [,] INFO   o.s.b.w.s.c.ServletWebServerApplicationContext - Root WebApplicationContext: initialization completed in 3820 ms
2023-10-01 17:29:26 [main] [,] INFO   o.s.s.web.DefaultSecurityFilterChain - Will secure any request with [org.springframework.security.web.session.DisableEncodeUrlFilter@54c60202, org.springframework.security.web.context.request.async.WebAsyncManagerIntegrationFilter@7889b4b9, org.springframework.security.web.context.SecurityContextHolderFilter@6f731759, org.springframework.security.web.header.HeaderWriterFilter@153cb763, org.springframework.security.web.authentication.logout.LogoutFilter@18d47df0, org.springframework.security.web.authentication.www.BasicAuthenticationFilter@491cafec, org.springframework.security.web.savedrequest.RequestCacheAwareFilter@39549f33, org.springframework.security.web.servletapi.SecurityContextHolderAwareRequestFilter@599a9cb2, org.springframework.security.web.authentication.AnonymousAuthenticationFilter@1e545821, org.springframework.security.web.access.ExceptionTranslationFilter@3d3a1903, org.springframework.security.web.access.intercept.AuthorizationFilter@54c425b1]
2023-10-01 17:29:34 [main] [,] INFO   o.a.coyote.http11.Http11NioProtocol - Starting ProtocolHandler ["http-nio-8888"]
2023-10-01 17:29:34 [main] [,] INFO   o.s.b.w.e.tomcat.TomcatWebServer - Tomcat started on port(s): 8888 (http) with context path ''
2023-10-01 17:29:34 [main] [,] INFO   c.m.demo.config.server.ConfigServer - Started ConfigServer in 15.239 seconds (process running for 16.52)
2023-10-01 17:29:51 [http-nio-8888-exec-1] [,] INFO   o.a.c.c.C.[Tomcat].[localhost].[/] - Initializing Spring DispatcherServlet 'dispatcherServlet'
2023-10-01 17:29:51 [http-nio-8888-exec-1] [,] INFO   o.s.web.servlet.DispatcherServlet - Initializing Servlet 'dispatcherServlet'
2023-10-01 17:29:51 [http-nio-8888-exec-1] [,] INFO   o.s.web.servlet.DispatcherServlet - Completed initialization in 3 ms
2023-10-01 17:29:55 [http-nio-8888-exec-3] [,] INFO   o.s.c.c.s.e.NativeEnvironmentRepository - Adding property source: Config resource 'file [/tmp/config-repo-15441705915764107068/config-client.yml]' via location 'file:/tmp/config-repo-15441705915764107068/'
2023-10-01 17:29:56 [http-nio-8888-exec-2] [,] INFO   o.s.c.c.s.e.NativeEnvironmentRepository - Adding property source: Config resource 'file [/tmp/config-repo-15441705915764107068/config-client-twitter_to_kafka.yml]' via location 'file:/tmp/config-repo-15441705915764107068/'
2023-10-01 17:29:56 [http-nio-8888-exec-2] [,] INFO   o.s.c.c.s.e.NativeEnvironmentRepository - Adding property source: Config resource 'file [/tmp/config-repo-15441705915764107068/config-client.yml]' via location 'file:/tmp/config-repo-15441705915764107068/'
2023-10-01 17:30:02 [http-nio-8888-exec-4] [,] INFO   o.s.c.c.s.e.NativeEnvironmentRepository - Adding property source: Config resource 'file [/tmp/config-repo-15441705915764107068/config-client.yml]' via location 'file:/tmp/config-repo-15441705915764107068/'
2023-10-01 17:30:03 [http-nio-8888-exec-5] [,] INFO   o.s.c.c.s.e.NativeEnvironmentRepository - Adding property source: Config resource 'file [/tmp/config-repo-15441705915764107068/config-client-kafka_to_elastic.yml]' via location 'file:/tmp/config-repo-15441705915764107068/'
2023-10-01 17:30:03 [http-nio-8888-exec-5] [,] INFO   o.s.c.c.s.e.NativeEnvironmentRepository - Adding property source: Config resource 'file [/tmp/config-repo-15441705915764107068/config-client.yml]' via location 'file:/tmp/config-repo-15441705915764107068/'
2023-10-01 18:18:16 [http-nio-8888-exec-9] [,] INFO   o.s.c.c.s.e.NativeEnvironmentRepository - Adding property source: Config resource 'file [/tmp/config-repo-15441705915764107068/config-client.yml]' via location 'file:/tmp/config-repo-15441705915764107068/'
2023-10-01 18:18:17 [http-nio-8888-exec-8] [,] INFO   o.s.c.c.s.e.NativeEnvironmentRepository - Adding property source: Config resource 'file [/tmp/config-repo-15441705915764107068/config-client-kafka_to_elastic.yml]' via location 'file:/tmp/config-repo-15441705915764107068/'
2023-10-01 18:18:17 [http-nio-8888-exec-8] [,] INFO   o.s.c.c.s.e.NativeEnvironmentRepository - Adding property source: Config resource 'file [/tmp/config-repo-15441705915764107068/config-client.yml]' via location 'file:/tmp/config-repo-15441705915764107068/'
